Traceback (most recent call last):
  File "C:\Python312\Lib\site-packages\botasaurus\decorators.py", line 854, in run_task
    result = func(reqs, data)
             ^^^^^^^^^^^^^^^^
  File "c:\Users\bilal\OneDrive\Desktop\Professional\Projects\EnergiSuite\executable\main.py", line 140, in EnergiRequester
    response = request.get(url)
               ^^^^^^^^^^^^^^^^
  File "C:\Python312\Lib\site-packages\botasaurus\anti_detect_requests.py", line 70, in get
    return self.request("GET", url, **kwargs)
           ^^^^^^^^^^^^^^^^^^^^^^^^^^^^^^^^^^
  File "C:\Python312\Lib\site-packages\botasaurus\anti_detect_requests.py", line 24, in request
    return got_method(url, *args, **kwargs)
           ^^^^^^^^^^^^^^^^^^^^^^^^^^^^^^^^
  File "C:\Python312\Lib\site-packages\botasaurus\got_adapter.py", line 175, in get
    got_response = got.get(
                   ^^^^^^^^
  File "C:\Python312\Lib\site-packages\javascript_fixes\proxy.py", line 218, in __call__
    else self._exe.callProp(
         ^^^^^^^^^^^^^^^^^^^
  File "C:\Python312\Lib\site-packages\javascript_fixes\proxy.py", line 158, in callProp
    resp = self.pcall(ffid, "call", method, args, timeout=timeout, forceRefs=forceRefs)
           ^^^^^^^^^^^^^^^^^^^^^^^^^^^^^^^^^^^^^^^^^^^^^^^^^^^^^^^^^^^^^^^^^^^^^^^^^^^^
  File "C:\Python312\Lib\site-packages\javascript_fixes\proxy.py", line 146, in pcall
    raise JavaScriptError(attr, res["error"])
javascript_fixes.errors.JavaScriptError: ('get', 'RequestError: read ECONNRESET\n    at ClientRequest.<anonymous> (C:\\Python312\\Lib\\site-packages\\javascript_fixes\\js\\node_modules\\got-cjs\\dist\\source\\core\\index.js:802:126)\n    at Object.onceWrapper (node:events:633:26)\n    at ClientRequest.emit (node:events:530:35)\n    at origin.emit (C:\\Python312\\Lib\\site-packages\\javascript_fixes\\js\\node_modules\\@szmarczak\\http-timer\\dist\\source\\index.js:43:20)\n    at request.emit (C:\\Python312\\Lib\\site-packages\\javascript_fixes\\js\\node_modules\\got-scraping-export\\dist\\hooks\\fix-decompress.js:76:20)\n    at emitErrorNT (node:internal/streams/destroy:169:8)\n    at emitErrorCloseNT (node:internal/streams/destroy:128:3)\n    at process.processTicksAndRejections (node:internal/process/task_queues:82:21)\n    at TLSWrap.onStreamRead (node:internal/stream_base_commons:217:20)')
